<?xml version="1.0" encoding="UTF-8" ?>
<testsuite tests="4" failures="0" name="core.basesyntax.StorageImplTest" time="0.004" errors="0" skipped="0">
  <properties>
[...]
</properties>
  <testcase classname="core.basesyntax.StorageImplTest" name="getElementWhenKeyDontExist" time="0.004"/>
  <testcase classname="core.basesyntax.StorageImplTest" name="addElementToStorage" time="0"/>
  <testcase classname="core.basesyntax.StorageImplTest" name="addTwoElementsWithSameKey" time="0"/>
  <testcase classname="core.basesyntax.StorageImplTest" name="addElementWithKeyNull" time="0"/>
</testsuite>